en,1,MTVStars,1448472600000,1448473800000
en,2,VideoMTV2015,1448472600000,1448473800000
en,3,ThanksgivingClapBack,1448472600000,1448473800000
en,4,ShowtimeToMihoLive,1448472600000,1448473800000
en,5,null,1448472600000,1448473800000
en,1,MTVStars,1448472600000,1448473800000
en,2,VideoMTV2015,1448472600000,1448473800000
en,3,ThanksgivingClapBack,1448472600000,1448473800000
en,4,ShowtimeToMihoLive,1448472600000,1448473800000
en,5,null,1448472600000,1448473800000
en,1,MTVStars,1448472600000,1448473800000
en,2,VideoMTV2015,1448472600000,1448473800000
en,3,ThanksgivingClapBack,1448472600000,1448473800000
en,4,ShowtimeToMihoLive,1448472600000,1448473800000
en,5,null,1448472600000,1448473800000
en,1,MTVStars,1448472600000,1448473800000
en,2,VideoMTV2015,1448472600000,1448473800000
en,3,ThanksgivingClapBack,1448472600000,1448473800000
en,4,ShowtimeToMihoLive,1448472600000,1448473800000
en,5,null,1448472600000,1448473800000
en,1,MTVStars,1448472600000,1448473800000
en,2,VideoMTV2015,1448472600000,1448473800000
en,3,ThanksgivingClapBack,1448472600000,1448473800000
en,4,ShowtimeToMihoLive,1448472600000,1448473800000
en,5,null,1448472600000,1448473800000
en,1,MTVStars,1448472600000,1448473800000
en,2,VideoMTV2015,1448472600000,1448473800000
en,3,ThanksgivingClapBack,1448472600000,1448473800000
en,4,ShowtimeToMihoLive,1448472600000,1448473800000
en,5,null,1448472600000,1448473800000
en,1,MTVStars,1448472600000,1448473800000
en,2,VideoMTV2015,1448472600000,1448473800000
en,3,ThanksgivingClapBack,1448472600000,1448473800000
en,4,ShowtimeToMihoLive,1448472600000,1448473800000
en,5,null,1448472600000,1448473800000
en,1,MTVStars,1448472600000,1448473800000
en,2,VideoMTV2015,1448472600000,1448473800000
en,3,ThanksgivingClapBack,1448472600000,1448473800000
en,4,ShowtimeToMihoLive,1448472600000,1448473800000
en,5,null,1448472600000,1448473800000
