en,1,MTVStars,1448472600000,1448473800000
en,2,VideoMTV2015,1448472600000,1448473800000
en,3,ThanksgivingClapBack,1448472600000,1448473800000
en,4,ShowtimeToMihoLive,1448472600000,1448473800000
en,5,null,1448472600000,1448473800000
es,1,null,1448472600000,1448473800000
es,2,null,1448472600000,1448473800000
es,3,null,1448472600000,1448473800000
es,4,null,1448472600000,1448473800000
es,5,null,1448472600000,1448473800000
de,1,PushAwardsKathNiels,1448472600000,1448473800000
de,2,android,1448472600000,1448473800000
de,3,MTVStars,1448472600000,1448473800000
de,4,androidgames,1448472600000,1448473800000
de,5,null,1448472600000,1448473800000
en,1,MTVStars,1448472600000,1448473800000
en,2,VideoMTV2015,1448472600000,1448473800000
en,3,ThanksgivingClapBack,1448472600000,1448473800000
en,4,ShowtimeToMihoLive,1448472600000,1448473800000
en,5,null,1448472600000,1448473800000
es,1,null,1448472600000,1448473800000
es,2,null,1448472600000,1448473800000
es,3,null,1448472600000,1448473800000
es,4,null,1448472600000,1448473800000
es,5,null,1448472600000,1448473800000
de,1,PushAwardsKathNiels,1448472600000,1448473800000
de,2,android,1448472600000,1448473800000
de,3,MTVStars,1448472600000,1448473800000
de,4,androidgames,1448472600000,1448473800000
de,5,null,1448472600000,1448473800000
