null,1,MTVStars,0,1448473800000
null,2,VideoMTV2015,0,1448473800000
null,3,ThanksgivingClapBack,0,1448473800000
null,4,quote,0,1448473800000
null,5,ShowtimeToMihoLive,0,1448473800000
null,1,MTVStars,0,1448473800000
null,2,VideoMTV2015,0,1448473800000
null,3,ThanksgivingClapBack,0,1448473800000
null,4,quote,0,1448473800000
null,5,ShowtimeToMihoLive,0,1448473800000
null,1,MTVStars,0,1448473800000
null,2,VideoMTV2015,0,1448473800000
null,3,ThanksgivingClapBack,0,1448473800000
null,4,quote,0,1448473800000
null,5,ShowtimeToMihoLive,0,1448473800000
null,1,MTVStars,0,1448473800000
null,2,VideoMTV2015,0,1448473800000
null,3,ThanksgivingClapBack,0,1448473800000
null,4,quote,0,1448473800000
null,5,ShowtimeToMihoLive,0,1448473800000
null,1,MTVStars,0,1448473800000
null,2,VideoMTV2015,0,1448473800000
null,3,ThanksgivingClapBack,0,1448473800000
null,4,quote,0,1448473800000
null,5,ShowtimeToMihoLive,0,1448473800000
null,1,MTVStars,0,1448473800000
null,2,VideoMTV2015,0,1448473800000
null,3,ThanksgivingClapBack,0,1448473800000
null,4,quote,0,1448473800000
null,5,ShowtimeToMihoLive,0,1448473800000
